-------------------------------------------------------------------------------
Test set: com.nocountry.powerfit.PowerfitApplicationTests
-------------------------------------------------------------------------------
Tests run: 1, Failures: 0, Errors: 1, Skipped: 0, Time elapsed: 11.547 s <<< FAILURE! - in com.nocountry.powerfit.PowerfitApplicationTests
contextLoads  Time elapsed: 0.005 s  <<< ERROR!
java.lang.IllegalStateException: Failed to load ApplicationContext
Caused by: org.springframework.beans.factory.BeanCreationException: Error creating bean with name 'awsConfig': Injection of autowired dependencies failed; nested exception is java.lang.IllegalArgumentException: Could not resolve placeholder 'AWS_BUCKET_NAME' in value "${AWS_BUCKET_NAME}"
Caused by: java.lang.IllegalArgumentException: Could not resolve placeholder 'AWS_BUCKET_NAME' in value "${AWS_BUCKET_NAME}"

